0 info it worked if it ends with ok
1 verbose cli [ '/usr/bin/node', '/usr/bin/npm', 'run', 'dev' ]
2 info using npm@3.5.2
3 info using node@v8.10.0
4 verbose run-script [ 'predev', 'dev', 'postdev' ]
5 info lifecycle memory-game@1.0.0~predev: memory-game@1.0.0
6 silly lifecycle memory-game@1.0.0~predev: no script for predev, continuing
7 info lifecycle memory-game@1.0.0~dev: memory-game@1.0.0
8 verbose lifecycle memory-game@1.0.0~dev: unsafe-perm in lifecycle true
9 verbose lifecycle memory-game@1.0.0~dev: PATH: /usr/share/npm/bin/node-gyp-bin:/home/dimpho/Documents/memory-game/node_modules/.bin:/usr/local/sbin:/usr/local/bin:/usr/sbin:/usr/bin:/sbin:/bin:/usr/games:/usr/local/games:/snap/bin
10 verbose lifecycle memory-game@1.0.0~dev: CWD: /home/dimpho/Documents/memory-game
11 silly lifecycle memory-game@1.0.0~dev: Args: [ '-c', 'NODE_ENV=development npm-run-all server' ]
12 info lifecycle memory-game@1.0.0~dev: Failed to exec dev script
13 verbose stack Error: memory-game@1.0.0 dev: `NODE_ENV=development npm-run-all server`
13 verbose stack spawn ENOENT
13 verbose stack     at ChildProcess.<anonymous> (/usr/share/npm/lib/utils/spawn.js:17:16)
13 verbose stack     at emitTwo (events.js:126:13)
13 verbose stack     at ChildProcess.emit (events.js:214:7)
13 verbose stack     at maybeClose (internal/child_process.js:925:16)
13 verbose stack     at Process.ChildProcess._handle.onexit (internal/child_process.js:209:5)
14 verbose pkgid memory-game@1.0.0
15 verbose cwd /home/dimpho/Documents/memory-game/tests
16 error Linux 5.0.0-25-generic
17 error argv "/usr/bin/node" "/usr/bin/npm" "run" "dev"
18 error node v8.10.0
19 error npm  v3.5.2
20 error file sh
21 error code ELIFECYCLE
22 error errno ENOENT
23 error syscall spawn
24 error memory-game@1.0.0 dev: `NODE_ENV=development npm-run-all server`
24 error spawn ENOENT
25 error Failed at the memory-game@1.0.0 dev script 'NODE_ENV=development npm-run-all server'.
25 error Make sure you have the latest version of node.js and npm installed.
25 error If you do, this is most likely a problem with the memory-game package,
25 error not with npm itself.
25 error Tell the author that this fails on your system:
25 error     NODE_ENV=development npm-run-all server
25 error You can get information on how to open an issue for this project with:
25 error     npm bugs memory-game
25 error Or if that isn't available, you can get their info via:
25 error     npm owner ls memory-game
25 error There is likely additional logging output above.
26 verbose exit [ 1, true ]
